<?xml version="1.0" encoding="UTF-8"?>
<robot generator="Robot 7.2.2 (Python 3.12.4 on win32)" generated="2025-07-23T18:55:18.248830" rpa="false" schemaversion="5">
<suite id="s1" name="TTB-Automation-Assignment" source="C:\Users\kaako\Documents\Test\TTB_Automation_Assignment\TTB-Automation-Assignment">
<suite id="s1-s1" name="TestScript" source="C:\Users\kaako\Documents\Test\TTB_Automation_Assignment\TTB-Automation-Assignment\TestScript">
<suite id="s1-s1-s1" name="API" source="C:\Users\kaako\Documents\Test\TTB_Automation_Assignment\TTB-Automation-Assignment\TestScript\API">
<suite id="s1-s1-s1-s1" name="API" source="C:\Users\kaako\Documents\Test\TTB_Automation_Assignment\TTB-Automation-Assignment\TestScript\API\API.robot">
<test id="s1-s1-s1-s1-t1" name="Get User Profile Not Found" line="33">
<kw name="Create Session" owner="RequestsLibrary">
<msg time="2025-07-23T18:55:18.714699" level="INFO">Creating Session using : alias=api_session, url=https://reqres.in/api, headers={'x-api-key': 'reqres-free-v1'},                     cookies={}, auth=None, timeout=None, proxies=None, verify=False,                     debug=0 </msg>
<arg>${_SESSION}</arg>
<arg>${_BASE_URL}</arg>
<arg>headers={"x-api-key": "${_API_KEY}"}</arg>
<doc>Create Session: create a HTTP session to a server</doc>
<status status="PASS" start="2025-07-23T18:55:18.713734" elapsed="0.000965"/>
</kw>
<kw name="GET On Session" owner="RequestsLibrary">
<msg time="2025-07-23T18:55:18.858516" level="INFO">GET Request : url=https://reqres.in/api/users/1234 
 path_url=/api/users/1234 
 headers={'User-Agent': 'python-requests/2.32.3', 'Accept-Encoding': 'gzip, deflate', 'Accept': '*/*', 'Connection': 'keep-alive', 'x-api-key': 'reqres-free-v1'} 
 body=None 
 </msg>
<msg time="2025-07-23T18:55:18.859515" level="INFO">GET Response : url=https://reqres.in/api/users/1234 
 status=404, reason=Not Found 
 headers={'Date': 'Wed, 23 Jul 2025 11:55:20 GMT', 'Content-Type': 'application/json; charset=utf-8', 'Content-Length': '2', 'Connection': 'keep-alive', 'CF-RAY': '963afcfaec4dce75-SIN', 'Access-Control-Allow-Origin': '*', 'Etag': 'W/"2-vyGp6PvFo4RvsFtPoIWeCReyIC8"', 'Nel': '{"report_to":"heroku-nel","response_headers":["Via"],"max_age":3600,"success_fraction":0.01,"failure_fraction":0.1}', 'Ratelimit-Limit': '100', 'Ratelimit-Policy': '100;w=60', 'Ratelimit-Remaining': '98', 'Ratelimit-Reset': '60', 'Referrer-Policy': 'strict-origin-when-cross-origin', 'Report-To': '{"group":"heroku-nel","endpoints":[{"url":"https://nel.heroku.com/reports?s=%2F76fDBoLgiCt2qp1MsLObVAjTovjaN3dkUZWgielvwQ%3D\\u0026sid=c4c9725f-1ab0-44d8-820f-430df2718e11\\u0026ts=1753271666"}],"max_age":3600}', 'Reporting-Endpoints': 'heroku-nel="https://nel.heroku.com/reports?s=%2F76fDBoLgiCt2qp1MsLObVAjTovjaN3dkUZWgielvwQ%3D&amp;sid=c4c9725f-1ab0-44d8-820f-430df2718e11&amp;ts=1753271666"', 'Via': '1.1 heroku-router', 'X-Content-Type-Options': 'nosniff', 'X-Frame-Options': 'DENY', 'X-Request-Id': 'c35f857c-b6ba-4442-791d-5b10db302147', 'X-Xss-Protection': '1; mode=block', 'Age': '53', 'Cache-Control': 'max-age=14400', 'cf-cache-status': 'HIT', 'Vary': 'Accept-Encoding', 'Server': 'cloudflare', 'server-timing': 'cfL4;desc="?proto=TCP&amp;rtt=30255&amp;min_rtt=30244&amp;rtt_var=11364&amp;sent=5&amp;recv=6&amp;lost=0&amp;retrans=0&amp;sent_bytes=2833&amp;recv_bytes=800&amp;delivery_rate=134502&amp;cwnd=252&amp;unsent_bytes=0&amp;cid=2c201f6565334d49&amp;ts=62&amp;x=0"'} 
 body={} 
 </msg>
<msg time="2025-07-23T18:55:18.859515" level="INFO">C:\Users\kaako\AppData\Local\Programs\Python\Python312\Lib\site-packages\urllib3\connectionpool.py:1097: InsecureRequestWarning: Unverified HTTPS request is being made to host 'reqres.in'. Adding certificate verification is strongly advised. See: https://urllib3.readthedocs.io/en/latest/advanced-usage.html#tls-warnings
  warnings.warn(</msg>
<msg time="2025-07-23T18:55:18.860514" level="INFO">${response} = &lt;Response [404]&gt;</msg>
<var>${response}</var>
<arg>${_SESSION}</arg>
<arg>/users/1234</arg>
<arg>expected_status=any</arg>
<doc>Sends a GET request on a previously created HTTP Session.</doc>
<status status="PASS" start="2025-07-23T18:55:18.715730" elapsed="0.144784"/>
</kw>
<kw name="Should Be Equal As Integers" owner="BuiltIn">
<msg time="2025-07-23T18:55:18.862515" level="INFO">Argument types are:
&lt;class 'int'&gt;
&lt;class 'str'&gt;</msg>
<arg>${response.status_code}</arg>
<arg>404</arg>
<doc>Fails if objects are unequal after converting them to integers.</doc>
<status status="PASS" start="2025-07-23T18:55:18.861514" elapsed="0.001001"/>
</kw>
<kw name="Should Be Equal" owner="BuiltIn">
<arg>${response.text}</arg>
<arg>{}</arg>
<doc>Fails if the given objects are unequal.</doc>
<status status="PASS" start="2025-07-23T18:55:18.863021" elapsed="0.000000"/>
</kw>
<doc>Owner : Danai Lertkamjornwat
|    ***| Description |***
|    ตรวจสอบยิง API Status 404
--------------------------------------------------------------------------
|    ***| Test Step |***
|    1.Send Get requestto url https://reqres.in/api/users/1234
--------------------------------------------------------------------------
|    ***| Expected Result |***
|    ยิงไปต้องได้ Status 404 และไม่มีข้อมูล
==&gt;</doc>
<tag>api</tag>
<status status="PASS" start="2025-07-23T18:55:18.711762" elapsed="0.152266"/>
</test>
<status status="PASS" start="2025-07-23T18:55:18.269401" elapsed="0.595627"/>
</suite>
<status status="PASS" start="2025-07-23T18:55:18.268394" elapsed="0.598139"/>
</suite>
<status status="PASS" start="2025-07-23T18:55:18.265354" elapsed="0.602186"/>
</suite>
<status status="PASS" start="2025-07-23T18:55:18.251830" elapsed="0.616709"/>
</suite>
<statistics>
<total>
<stat pass="1" fail="0" skip="0">All Tests</stat>
</total>
<tag>
<stat pass="1" fail="0" skip="0">api</stat>
</tag>
<suite>
<stat name="TTB-Automation-Assignment" id="s1" pass="1" fail="0" skip="0">TTB-Automation-Assignment</stat>
<stat name="TestScript" id="s1-s1" pass="1" fail="0" skip="0">TTB-Automation-Assignment.TestScript</stat>
<stat name="API" id="s1-s1-s1" pass="1" fail="0" skip="0">TTB-Automation-Assignment.TestScript.API</stat>
<stat name="API" id="s1-s1-s1-s1" pass="1" fail="0" skip="0">TTB-Automation-Assignment.TestScript.API.API</stat>
</suite>
</statistics>
<errors>
</errors>
</robot>
